
**** Clean-only build of configuration Debug for project blinky ****

"C:\\ti\\ccs1200\\ccs\\utils\\bin\\gmake" -k clean 
 
gmake: *** No rule to make target 'clean'.

**** Build Finished ****

**** Build of configuration Debug for project blinky ****

"C:\\ti\\ccs1200\\ccs\\utils\\bin\\gmake" -k all 
 
Building file: "../blinky.c"
Invoking: ARM Compiler
"C:/ti/ccs1200/ccs/tools/compiler/ti-cgt-arm_20.2.6.LTS/bin/armcl" -mv7M4 --code_state=16 --float_support=FPv4SPD16 --abi=eabi -me -O2 --include_path="C:/ti/ccs1200/ccs/tools/compiler/ti-cgt-arm_20.2.6.LTS/include" --include_path="C:/ti/tivaware_c_series_2_1_4_178" --advice:power=all -g --gcc --define=ccs="ccs" --define=PART_TM4C123GH6PM --define=TARGET_IS_TM4C123_RB1 --diag_warning=225 --diag_wrap=off --display_error_number --gen_func_subsections=on --ual --preproc_with_compile --preproc_dependency="blinky.d_raw"  "../blinky.c"
"../blinky.c", line 73: remark #1527-D: (ULP 2.1) Detected SW delay loop using empty loop. Recommend using a timer module instead
"../blinky.c", line 96: remark #1527-D: (ULP 2.1) Detected SW delay loop using empty loop. Recommend using a timer module instead
"../blinky.c", line 108: remark #1527-D: (ULP 2.1) Detected SW delay loop using empty loop. Recommend using a timer module instead
Finished building: "../blinky.c"
 
Building file: "../startup_ccs.c"
Invoking: ARM Compiler
"C:/ti/ccs1200/ccs/tools/compiler/ti-cgt-arm_20.2.6.LTS/bin/armcl" -mv7M4 --code_state=16 --float_support=FPv4SPD16 --abi=eabi -me -O2 --include_path="C:/ti/ccs1200/ccs/tools/compiler/ti-cgt-arm_20.2.6.LTS/include" --include_path="C:/ti/tivaware_c_series_2_1_4_178" --advice:power=all -g --gcc --define=ccs="ccs" --define=PART_TM4C123GH6PM --define=TARGET_IS_TM4C123_RB1 --diag_warning=225 --diag_wrap=off --display_error_number --gen_func_subsections=on --ual --preproc_with_compile --preproc_dependency="startup_ccs.d_raw"  "../startup_ccs.c"
"../startup_ccs.c", line 256: remark #1527-D: (ULP 2.1) Detected SW delay loop using empty loop. Recommend using a timer module instead
"../startup_ccs.c", line 274: remark #1527-D: (ULP 2.1) Detected SW delay loop using empty loop. Recommend using a timer module instead
"../startup_ccs.c", line 292: remark #1527-D: (ULP 2.1) Detected SW delay loop using empty loop. Recommend using a timer module instead
Finished building: "../startup_ccs.c"
 
Building target: "blinky.out"
Invoking: ARM Linker
"C:/ti/ccs1200/ccs/tools/compiler/ti-cgt-arm_20.2.6.LTS/bin/armcl" -mv7M4 --code_state=16 --float_support=FPv4SPD16 --abi=eabi -me -O2 --advice:power=all -g --gcc --define=ccs="ccs" --define=PART_TM4C123GH6PM --define=TARGET_IS_TM4C123_RB1 --diag_warning=225 --diag_wrap=off --display_error_number --gen_func_subsections=on --ual -z -m"blinky_ccs.map" --stack_size=512 --heap_size=0 -i"C:/ti/ccs1200/ccs/tools/compiler/ti-cgt-arm_20.2.6.LTS/lib" -i"C:/ti/ccs1200/ccs/tools/compiler/ti-cgt-arm_20.2.6.LTS/include" --reread_libs --diag_wrap=off --display_error_number --warn_sections --xml_link_info="blinky_linkInfo.xml" --rom_model -o "blinky.out" "./blinky.obj" "./startup_ccs.obj" "../blinky_ccs.cmd"  -llibc.a -l"C:/ti/tivaware_c_series_2_1_4_178/driverlib/ccs/Debug/driverlib.lib" 
<Linking>
remark #10371-D: (ULP 1.1) Detected no uses of low power mode state changing instructions
Finished building target: "blinky.out"
 
"C:/ti/ccs1200/ccs/utils/tiobj2bin/tiobj2bin" "blinky.out" "blinky.bin" "C:/ti/ccs1200/ccs/tools/compiler/ti-cgt-arm_20.2.6.LTS/bin/armofd" "C:/ti/ccs1200/ccs/tools/compiler/ti-cgt-arm_20.2.6.LTS/bin/armhex" "C:/ti/ccs1200/ccs/utils/tiobj2bin/mkhex4bin"
 

**** Build Finished ****

**** Build of configuration Debug for project blinky ****

"C:\\ti\\ccs1200\\ccs\\utils\\bin\\gmake" -k all 
 
Building file: "../blinky.c"
Invoking: Arm Compiler
"C:/ti/ccs1200/ccs/tools/compiler/ti-cgt-arm_20.2.7.LTS/bin/armcl" -mv7M4 --code_state=16 --float_support=FPv4SPD16 -me -O2 --include_path="C:/ti/ccs1200/ccs/tools/compiler/ti-cgt-arm_20.2.7.LTS/include" --include_path="C:/ti/tivaware_c_series_2_1_4_178" --advice:power=all --define=ccs="ccs" --define=PART_TM4C123GH6PM --define=TARGET_IS_TM4C123_RB1 -g --gcc --diag_warning=225 --diag_wrap=off --display_error_number --gen_func_subsections=on --abi=eabi --ual --preproc_with_compile --preproc_dependency="blinky.d_raw"  "../blinky.c"
"../blinky.c", line 73: remark #1527-D: (ULP 2.1) Detected SW delay loop using empty loop. Recommend using a timer module instead
"../blinky.c", line 96: remark #1527-D: (ULP 2.1) Detected SW delay loop using empty loop. Recommend using a timer module instead
"../blinky.c", line 108: remark #1527-D: (ULP 2.1) Detected SW delay loop using empty loop. Recommend using a timer module instead
Finished building: "../blinky.c"
 
Building file: "../startup_ccs.c"
Invoking: Arm Compiler
"C:/ti/ccs1200/ccs/tools/compiler/ti-cgt-arm_20.2.7.LTS/bin/armcl" -mv7M4 --code_state=16 --float_support=FPv4SPD16 -me -O2 --include_path="C:/ti/ccs1200/ccs/tools/compiler/ti-cgt-arm_20.2.7.LTS/include" --include_path="C:/ti/tivaware_c_series_2_1_4_178" --advice:power=all --define=ccs="ccs" --define=PART_TM4C123GH6PM --define=TARGET_IS_TM4C123_RB1 -g --gcc --diag_warning=225 --diag_wrap=off --display_error_number --gen_func_subsections=on --abi=eabi --ual --preproc_with_compile --preproc_dependency="startup_ccs.d_raw"  "../startup_ccs.c"
"../startup_ccs.c", line 256: remark #1527-D: (ULP 2.1) Detected SW delay loop using empty loop. Recommend using a timer module instead
"../startup_ccs.c", line 274: remark #1527-D: (ULP 2.1) Detected SW delay loop using empty loop. Recommend using a timer module instead
"../startup_ccs.c", line 292: remark #1527-D: (ULP 2.1) Detected SW delay loop using empty loop. Recommend using a timer module instead
Finished building: "../startup_ccs.c"
 
Building target: "blinky.out"
Invoking: Arm Linker
"C:/ti/ccs1200/ccs/tools/compiler/ti-cgt-arm_20.2.7.LTS/bin/armcl" -mv7M4 --code_state=16 --float_support=FPv4SPD16 -me -O2 --advice:power=all --define=ccs="ccs" --define=PART_TM4C123GH6PM --define=TARGET_IS_TM4C123_RB1 -g --gcc --diag_warning=225 --diag_wrap=off --display_error_number --gen_func_subsections=on --abi=eabi --ual -z -m"blinky_ccs.map" --heap_size=0 --stack_size=512 -i"C:/ti/ccs1200/ccs/tools/compiler/ti-cgt-arm_20.2.7.LTS/lib" -i"C:/ti/ccs1200/ccs/tools/compiler/ti-cgt-arm_20.2.7.LTS/include" --reread_libs --diag_wrap=off --display_error_number --warn_sections --xml_link_info="blinky_linkInfo.xml" --rom_model -o "blinky.out" "./blinky.obj" "./startup_ccs.obj" "../blinky_ccs.cmd"  -llibc.a -l"C:/ti/tivaware_c_series_2_1_4_178/driverlib/ccs/Debug/driverlib.lib" 
<Linking>
remark #10371-D: (ULP 1.1) Detected no uses of low power mode state changing instructions
Finished building target: "blinky.out"
 
"C:/ti/ccs1200/ccs/utils/tiobj2bin/tiobj2bin" "blinky.out" "blinky.bin" "C:/ti/ccs1200/ccs/tools/compiler/ti-cgt-arm_20.2.7.LTS/bin/armofd" "C:/ti/ccs1200/ccs/tools/compiler/ti-cgt-arm_20.2.7.LTS/bin/armhex" "C:/ti/ccs1200/ccs/utils/tiobj2bin/mkhex4bin"
 

**** Build Finished ****

**** Build of configuration Debug for project blinky ****

"C:\\ti\\ccs1200\\ccs\\utils\\bin\\gmake" -k all 
 
gmake: Nothing to be done for 'all'.

**** Build Finished ****

**** Build of configuration Debug for project blinky ****

"C:\\ti\\ccs1200\\ccs\\utils\\bin\\gmake" -k all 
 
gmake: Nothing to be done for 'all'.

**** Build Finished ****

**** Build of configuration Debug for project blinky ****

"C:\\ti\\ccs1200\\ccs\\utils\\bin\\gmake" -k all 
 
gmake: Nothing to be done for 'all'.

**** Build Finished ****

**** Build of configuration Debug for project blinky ****

"C:\\ti\\ccs1200\\ccs\\utils\\bin\\gmake" -k all 
 
gmake: Nothing to be done for 'all'.

**** Build Finished ****

**** Clean-only build of configuration Debug for project blinky ****

"C:\\ti\\ccs1200\\ccs\\utils\\bin\\gmake" -k clean 
 
DEL /F  "blinky.bin"  "blinky.out" 
DEL /F "blinky.obj" "startup_ccs.obj" 
DEL /F "blinky.d" "startup_ccs.d" 
Finished clean
 

**** Build Finished ****

**** Build of configuration Debug for project blinky ****

"C:\\ti\\ccs1200\\ccs\\utils\\bin\\gmake" -k all 
 
Building file: "../blinky.c"
Invoking: Arm Compiler
"C:/ti/ccs1200/ccs/tools/compiler/ti-cgt-arm_20.2.7.LTS/bin/armcl" -mv7M4 --code_state=16 --float_support=FPv4SPD16 -me -O2 --include_path="C:/ti/ccs1200/ccs/tools/compiler/ti-cgt-arm_20.2.7.LTS/include" --include_path="C:/ti/tivaware_c_series_2_1_4_178" --advice:power=all --define=ccs="ccs" --define=PART_TM4C123GH6PM --define=TARGET_IS_TM4C123_RB1 -g --gcc --diag_warning=225 --diag_wrap=off --display_error_number --gen_func_subsections=on --abi=eabi --ual --preproc_with_compile --preproc_dependency="blinky.d_raw"  "../blinky.c"
"../blinky.c", line 73: remark #1527-D: (ULP 2.1) Detected SW delay loop using empty loop. Recommend using a timer module instead
"../blinky.c", line 96: remark #1527-D: (ULP 2.1) Detected SW delay loop using empty loop. Recommend using a timer module instead
"../blinky.c", line 108: remark #1527-D: (ULP 2.1) Detected SW delay loop using empty loop. Recommend using a timer module instead
Finished building: "../blinky.c"
 
Building file: "../startup_ccs.c"
Invoking: Arm Compiler
"C:/ti/ccs1200/ccs/tools/compiler/ti-cgt-arm_20.2.7.LTS/bin/armcl" -mv7M4 --code_state=16 --float_support=FPv4SPD16 -me -O2 --include_path="C:/ti/ccs1200/ccs/tools/compiler/ti-cgt-arm_20.2.7.LTS/include" --include_path="C:/ti/tivaware_c_series_2_1_4_178" --advice:power=all --define=ccs="ccs" --define=PART_TM4C123GH6PM --define=TARGET_IS_TM4C123_RB1 -g --gcc --diag_warning=225 --diag_wrap=off --display_error_number --gen_func_subsections=on --abi=eabi --ual --preproc_with_compile --preproc_dependency="startup_ccs.d_raw"  "../startup_ccs.c"
"../startup_ccs.c", line 256: remark #1527-D: (ULP 2.1) Detected SW delay loop using empty loop. Recommend using a timer module instead
"../startup_ccs.c", line 274: remark #1527-D: (ULP 2.1) Detected SW delay loop using empty loop. Recommend using a timer module instead
"../startup_ccs.c", line 292: remark #1527-D: (ULP 2.1) Detected SW delay loop using empty loop. Recommend using a timer module instead
Finished building: "../startup_ccs.c"
 
Building target: "blinky.out"
Invoking: Arm Linker
"C:/ti/ccs1200/ccs/tools/compiler/ti-cgt-arm_20.2.7.LTS/bin/armcl" -mv7M4 --code_state=16 --float_support=FPv4SPD16 -me -O2 --advice:power=all --define=ccs="ccs" --define=PART_TM4C123GH6PM --define=TARGET_IS_TM4C123_RB1 -g --gcc --diag_warning=225 --diag_wrap=off --display_error_number --gen_func_subsections=on --abi=eabi --ual -z -m"blinky_ccs.map" --heap_size=0 --stack_size=512 -i"C:/ti/ccs1200/ccs/tools/compiler/ti-cgt-arm_20.2.7.LTS/lib" -i"C:/ti/ccs1200/ccs/tools/compiler/ti-cgt-arm_20.2.7.LTS/include" --reread_libs --diag_wrap=off --display_error_number --warn_sections --xml_link_info="blinky_linkInfo.xml" --rom_model -o "blinky.out" "./blinky.obj" "./startup_ccs.obj" "../blinky_ccs.cmd"  -llibc.a -l"C:/ti/tivaware_c_series_2_1_4_178/driverlib/ccs/Debug/driverlib.lib" 
<Linking>
remark #10371-D: (ULP 1.1) Detected no uses of low power mode state changing instructions
Finished building target: "blinky.out"
 
"C:/ti/ccs1200/ccs/utils/tiobj2bin/tiobj2bin" "blinky.out" "blinky.bin" "C:/ti/ccs1200/ccs/tools/compiler/ti-cgt-arm_20.2.7.LTS/bin/armofd" "C:/ti/ccs1200/ccs/tools/compiler/ti-cgt-arm_20.2.7.LTS/bin/armhex" "C:/ti/ccs1200/ccs/utils/tiobj2bin/mkhex4bin"
 

**** Build Finished ****

**** Build of configuration Debug for project blinky ****

"C:\\ti\\ccs1200\\ccs\\utils\\bin\\gmake" -k all 
 
gmake: Nothing to be done for 'all'.

**** Build Finished ****

**** Clean-only build of configuration Debug for project blinky ****

"C:\\ti\\ccs1200\\ccs\\utils\\bin\\gmake" -k clean 
 
DEL /F  "blinky.bin"  "blinky.out" 
DEL /F "blinky.obj" "startup_ccs.obj" 
DEL /F "blinky.d" "startup_ccs.d" 
Finished clean
 

**** Build Finished ****

**** Build of configuration Debug for project blinky ****

"C:\\ti\\ccs1200\\ccs\\utils\\bin\\gmake" -k all 
 
Building file: "../blinky.c"
Invoking: Arm Compiler
"C:/ti/ccs1200/ccs/tools/compiler/ti-cgt-arm_20.2.7.LTS/bin/armcl" -mv7M4 --code_state=16 --float_support=FPv4SPD16 -me -O2 --include_path="C:/ti/ccs1200/ccs/tools/compiler/ti-cgt-arm_20.2.7.LTS/include" --include_path="C:/ti/tivaware_c_series_2_1_4_178" --advice:power=all --define=ccs="ccs" --define=PART_TM4C123GH6PM --define=TARGET_IS_TM4C123_RB1 -g --gcc --diag_warning=225 --diag_wrap=off --display_error_number --gen_func_subsections=on --abi=eabi --ual --preproc_with_compile --preproc_dependency="blinky.d_raw"  "../blinky.c"
"../blinky.c", line 73: remark #1527-D: (ULP 2.1) Detected SW delay loop using empty loop. Recommend using a timer module instead
"../blinky.c", line 96: remark #1527-D: (ULP 2.1) Detected SW delay loop using empty loop. Recommend using a timer module instead
"../blinky.c", line 108: remark #1527-D: (ULP 2.1) Detected SW delay loop using empty loop. Recommend using a timer module instead
Finished building: "../blinky.c"
 
Building file: "../startup_ccs.c"
Invoking: Arm Compiler
"C:/ti/ccs1200/ccs/tools/compiler/ti-cgt-arm_20.2.7.LTS/bin/armcl" -mv7M4 --code_state=16 --float_support=FPv4SPD16 -me -O2 --include_path="C:/ti/ccs1200/ccs/tools/compiler/ti-cgt-arm_20.2.7.LTS/include" --include_path="C:/ti/tivaware_c_series_2_1_4_178" --advice:power=all --define=ccs="ccs" --define=PART_TM4C123GH6PM --define=TARGET_IS_TM4C123_RB1 -g --gcc --diag_warning=225 --diag_wrap=off --display_error_number --gen_func_subsections=on --abi=eabi --ual --preproc_with_compile --preproc_dependency="startup_ccs.d_raw"  "../startup_ccs.c"
"../startup_ccs.c", line 256: remark #1527-D: (ULP 2.1) Detected SW delay loop using empty loop. Recommend using a timer module instead
"../startup_ccs.c", line 274: remark #1527-D: (ULP 2.1) Detected SW delay loop using empty loop. Recommend using a timer module instead
"../startup_ccs.c", line 292: remark #1527-D: (ULP 2.1) Detected SW delay loop using empty loop. Recommend using a timer module instead
Finished building: "../startup_ccs.c"
 
Building target: "blinky.out"
Invoking: Arm Linker
"C:/ti/ccs1200/ccs/tools/compiler/ti-cgt-arm_20.2.7.LTS/bin/armcl" -mv7M4 --code_state=16 --float_support=FPv4SPD16 -me -O2 --advice:power=all --define=ccs="ccs" --define=PART_TM4C123GH6PM --define=TARGET_IS_TM4C123_RB1 -g --gcc --diag_warning=225 --diag_wrap=off --display_error_number --gen_func_subsections=on --abi=eabi --ual -z -m"blinky_ccs.map" --heap_size=0 --stack_size=512 -i"C:/ti/ccs1200/ccs/tools/compiler/ti-cgt-arm_20.2.7.LTS/lib" -i"C:/ti/ccs1200/ccs/tools/compiler/ti-cgt-arm_20.2.7.LTS/include" --reread_libs --diag_wrap=off --display_error_number --warn_sections --xml_link_info="blinky_linkInfo.xml" --rom_model -o "blinky.out" "./blinky.obj" "./startup_ccs.obj" "../blinky_ccs.cmd"  -llibc.a -l"C:/ti/tivaware_c_series_2_1_4_178/driverlib/ccs/Debug/driverlib.lib" 
<Linking>
remark #10371-D: (ULP 1.1) Detected no uses of low power mode state changing instructions
Finished building target: "blinky.out"
 
"C:/ti/ccs1200/ccs/utils/tiobj2bin/tiobj2bin" "blinky.out" "blinky.bin" "C:/ti/ccs1200/ccs/tools/compiler/ti-cgt-arm_20.2.7.LTS/bin/armofd" "C:/ti/ccs1200/ccs/tools/compiler/ti-cgt-arm_20.2.7.LTS/bin/armhex" "C:/ti/ccs1200/ccs/utils/tiobj2bin/mkhex4bin"
 

**** Build Finished ****

**** Clean-only build of configuration Debug for project blinky ****

"C:\\ti\\ccs1200\\ccs\\utils\\bin\\gmake" -k clean 
 
DEL /F  "blinky.bin"  "blinky.out" 
DEL /F "blinky.obj" "startup_ccs.obj" 
DEL /F "blinky.d" "startup_ccs.d" 
Finished clean
 

**** Build Finished ****
